#
# There is insufficient memory for the Java Runtime Environment to continue.
# Native memory allocation (mmap) failed to map 715653120 bytes for committing reserved memory.
# Possible reasons:
#   The system is out of physical RAM or swap space
#   In 32 bit mode, the process size limit was hit
# Possible solutions:
#   Reduce memory load on the system
#   Increase physical memory or swap space
#   Check if swap backing store is full
#   Use 64 bit Java on a 64 bit OS
#   Decrease Java heap size (-Xmx/-Xms)
#   Decrease number of Java threads
#   Decrease Java thread stack sizes (-Xss)
#   Set larger code cache with -XX:ReservedCodeCacheSize=
# This output file may be truncated or incomplete.
#
#  Out of Memory Error (os_linux.cpp:2627), pid=24363, tid=0x00007f7f0cadc700
#
# JRE version:  (8.0_121-b13) (build )
# Java VM: Java HotSpot(TM) 64-Bit Server VM (25.121-b13 mixed mode linux-amd64 compressed oops)
# Failed to write core dump. Core dumps have been disabled. To enable core dumping, try "ulimit -c unlimited" before starting Java again
#

---------------  T H R E A D  ---------------

Current thread (0x00007f7f0400a000):  JavaThread "Unknown thread" [_thread_in_vm, id=24383, stack(0x00007f7f0c9dc000,0x00007f7f0cadd000)]

Stack: [0x00007f7f0c9dc000,0x00007f7f0cadd000],  sp=0x00007f7f0cadb400,  free space=1021k
Native frames: (J=compiled Java code, j=interpreted, Vv=VM code, C=native code)
V  [libjvm.so+0xac703a]  VMError::report_and_die()+0x2ba
V  [libjvm.so+0x4fc7eb]  report_vm_out_of_memory(char const*, int, unsigned long, VMErrorType, char const*)+0x8b
V  [libjvm.so+0x923c43]  os::Linux::commit_memory_impl(char*, unsigned long, bool)+0x103
V  [libjvm.so+0x924199]  os::pd_commit_memory(char*, unsigned long, unsigned long, bool)+0x29
V  [libjvm.so+0x91e4aa]  os::commit_memory(char*, unsigned long, unsigned long, bool)+0x2a
V  [libjvm.so+0x992f03]  PSVirtualSpace::expand_by(unsigned long)+0x53
V  [libjvm.so+0x993ec5]  PSYoungGen::initialize_virtual_space(ReservedSpace, unsigned long)+0x75
V  [libjvm.so+0x99482e]  PSYoungGen::initialize(ReservedSpace, unsigned long)+0x3e
V  [libjvm.so+0x2d8955]  AdjoiningGenerations::AdjoiningGenerations(ReservedSpace, GenerationSizer*, unsigned long)+0x345
V  [libjvm.so+0x9472d6]  ParallelScavengeHeap::initialize()+0x1d6
V  [libjvm.so+0xa8eff3]  Universe::initialize_heap()+0xf3
V  [libjvm.so+0xa8f55e]  universe_init()+0x3e
V  [libjvm.so+0x63d4f5]  init_globals()+0x65
V  [libjvm.so+0xa72c4e]  Threads::create_vm(JavaVMInitArgs*, bool*)+0x23e
V  [libjvm.so+0x6d1d94]  JNI_CreateJavaVM+0x74
C  [libjli.so+0x745e]  JavaMain+0x9e
C  [libpthread.so.0+0x76ba]  start_thread+0xca


---------------  P R O C E S S  ---------------

Java Threads: ( => current thread )

Other Threads:

=>0x00007f7f0400a000 (exited) JavaThread "Unknown thread" [_thread_in_vm, id=24383, stack(0x00007f7f0c9dc000,0x00007f7f0cadd000)]

VM state:not at safepoint (not fully initialized)

VM Mutex/Monitor currently owned by a thread: None

GC Heap History (0 events):
No events

Deoptimization events (0 events):
No events

Internal exceptions (0 events):
No events

Events (0 events):
No events


Dynamic libraries:
00400000-00401000 r-xp 00000000 08:01 8653778                            /usr/lib/jvm/jdk8/bin/java
00600000-00601000 rw-p 00000000 08:01 8653778                            /usr/lib/jvm/jdk8/bin/java
008c6000-008e7000 rw-p 00000000 00:00 0                                  [heap]
80000000-d5580000 ---p 00000000 00:00 0 
7f7ef5000000-7f7ef5270000 rwxp 00000000 00:00 0 
7f7ef5270000-7f7f04000000 ---p 00000000 00:00 0 
7f7f04000000-7f7f04034000 rw-p 00000000 00:00 0 
7f7f04034000-7f7f08000000 ---p 00000000 00:00 0 
7f7f090f9000-7f7f09380000 rw-p 00000000 00:00 0 
7f7f09380000-7f7f09780000 ---p 00000000 00:00 0 
7f7f09780000-7f7f0978b000 rw-p 00000000 00:00 0 
7f7f0978b000-7f7f09b41000 ---p 00000000 00:00 0 
7f7f09b41000-7f7f09b5b000 r-xp 00000000 08:01 8653883                    /usr/lib/jvm/jdk8/jre/lib/amd64/libzip.so
7f7f09b5b000-7f7f09d5b000 ---p 0001a000 08:01 8653883                    /usr/lib/jvm/jdk8/jre/lib/amd64/libzip.so
7f7f09d5b000-7f7f09d5c000 rw-p 0001a000 08:01 8653883                    /usr/lib/jvm/jdk8/jre/lib/amd64/libzip.so
7f7f09d5c000-7f7f09d67000 r-xp 00000000 08:01 12061608                   /lib/x86_64-linux-gnu/libnss_files-2.23.so
7f7f09d67000-7f7f09f66000 ---p 0000b000 08:01 12061608                   /lib/x86_64-linux-gnu/libnss_files-2.23.so
7f7f09f66000-7f7f09f67000 r--p 0000a000 08:01 12061608                   /lib/x86_64-linux-gnu/libnss_files-2.23.so
7f7f09f67000-7f7f09f68000 rw-p 0000b000 08:01 12061608                   /lib/x86_64-linux-gnu/libnss_files-2.23.so
7f7f09f68000-7f7f09f6e000 rw-p 00000000 00:00 0 
7f7f09f6e000-7f7f09f79000 r-xp 00000000 08:01 12065192                   /lib/x86_64-linux-gnu/libnss_nis-2.23.so
7f7f09f79000-7f7f0a178000 ---p 0000b000 08:01 12065192                   /lib/x86_64-linux-gnu/libnss_nis-2.23.so
7f7f0a178000-7f7f0a179000 r--p 0000a000 08:01 12065192                   /lib/x86_64-linux-gnu/libnss_nis-2.23.so
7f7f0a179000-7f7f0a17a000 rw-p 0000b000 08:01 12065192                   /lib/x86_64-linux-gnu/libnss_nis-2.23.so
7f7f0a17a000-7f7f0a190000 r-xp 00000000 08:01 12061549                   /lib/x86_64-linux-gnu/libnsl-2.23.so
7f7f0a190000-7f7f0a38f000 ---p 00016000 08:01 12061549                   /lib/x86_64-linux-gnu/libnsl-2.23.so
7f7f0a38f000-7f7f0a390000 r--p 00015000 08:01 12061549                   /lib/x86_64-linux-gnu/libnsl-2.23.so
7f7f0a390000-7f7f0a391000 rw-p 00016000 08:01 12061549                   /lib/x86_64-linux-gnu/libnsl-2.23.so
7f7f0a391000-7f7f0a393000 rw-p 00000000 00:00 0 
7f7f0a393000-7f7f0a39b000 r-xp 00000000 08:01 12061595                   /lib/x86_64-linux-gnu/libnss_compat-2.23.so
7f7f0a39b000-7f7f0a59a000 ---p 00008000 08:01 12061595                   /lib/x86_64-linux-gnu/libnss_compat-2.23.so
7f7f0a59a000-7f7f0a59b000 r--p 00007000 08:01 12061595                   /lib/x86_64-linux-gnu/libnss_compat-2.23.so
7f7f0a59b000-7f7f0a59c000 rw-p 00008000 08:01 12061595                   /lib/x86_64-linux-gnu/libnss_compat-2.23.so
7f7f0a59c000-7f7f0a5c7000 r-xp 00000000 08:01 8653910                    /usr/lib/jvm/jdk8/jre/lib/amd64/libjava.so
7f7f0a5c7000-7f7f0a7c6000 ---p 0002b000 08:01 8653910                    /usr/lib/jvm/jdk8/jre/lib/amd64/libjava.so
7f7f0a7c6000-7f7f0a7c8000 rw-p 0002a000 08:01 8653910                    /usr/lib/jvm/jdk8/jre/lib/amd64/libjava.so
7f7f0a7c8000-7f7f0a7d5000 r-xp 00000000 08:01 8653861                    /usr/lib/jvm/jdk8/jre/lib/amd64/libverify.so
7f7f0a7d5000-7f7f0a9d4000 ---p 0000d000 08:01 8653861                    /usr/lib/jvm/jdk8/jre/lib/amd64/libverify.so
7f7f0a9d4000-7f7f0a9d6000 rw-p 0000c000 08:01 8653861                    /usr/lib/jvm/jdk8/jre/lib/amd64/libverify.so
7f7f0a9d6000-7f7f0a9dd000 r-xp 00000000 08:01 12065194                   /lib/x86_64-linux-gnu/librt-2.23.so
7f7f0a9dd000-7f7f0abdc000 ---p 00007000 08:01 12065194                   /lib/x86_64-linux-gnu/librt-2.23.so
7f7f0abdc000-7f7f0abdd000 r--p 00006000 08:01 12065194                   /lib/x86_64-linux-gnu/librt-2.23.so
7f7f0abdd000-7f7f0abde000 rw-p 00007000 08:01 12065194                   /lib/x86_64-linux-gnu/librt-2.23.so
7f7f0abde000-7f7f0ace6000 r-xp 00000000 08:01 12061474                   /lib/x86_64-linux-gnu/libm-2.23.so
7f7f0ace6000-7f7f0aee5000 ---p 00108000 08:01 12061474                   /lib/x86_64-linux-gnu/libm-2.23.so
7f7f0aee5000-7f7f0aee6000 r--p 00107000 08:01 12061474                   /lib/x86_64-linux-gnu/libm-2.23.so
7f7f0aee6000-7f7f0aee7000 rw-p 00108000 08:01 12061474                   /lib/x86_64-linux-gnu/libm-2.23.so
7f7f0aee7000-7f7f0bbb5000 r-xp 00000000 08:01 8653914                    /usr/lib/jvm/jdk8/jre/lib/amd64/server/libjvm.so
7f7f0bbb5000-7f7f0bdb5000 ---p 00cce000 08:01 8653914                    /usr/lib/jvm/jdk8/jre/lib/amd64/server/libjvm.so
7f7f0bdb5000-7f7f0be8e000 rw-p 00cce000 08:01 8653914                    /usr/lib/jvm/jdk8/jre/lib/amd64/server/libjvm.so
7f7f0be8e000-7f7f0bed9000 rw-p 00000000 00:00 0 
7f7f0bed9000-7f7f0c099000 r-xp 00000000 08:01 12061577                   /lib/x86_64-linux-gnu/libc-2.23.so
7f7f0c099000-7f7f0c299000 ---p 001c0000 08:01 12061577                   /lib/x86_64-linux-gnu/libc-2.23.so
7f7f0c299000-7f7f0c29d000 r--p 001c0000 08:01 12061577                   /lib/x86_64-linux-gnu/libc-2.23.so
7f7f0c29d000-7f7f0c29f000 rw-p 001c4000 08:01 12061577                   /lib/x86_64-linux-gnu/libc-2.23.so
7f7f0c29f000-7f7f0c2a3000 rw-p 00000000 00:00 0 
7f7f0c2a3000-7f7f0c2a6000 r-xp 00000000 08:01 12061582                   /lib/x86_64-linux-gnu/libdl-2.23.so
7f7f0c2a6000-7f7f0c4a5000 ---p 00003000 08:01 12061582                   /lib/x86_64-linux-gnu/libdl-2.23.so
7f7f0c4a5000-7f7f0c4a6000 r--p 00002000 08:01 12061582                   /lib/x86_64-linux-gnu/libdl-2.23.so
7f7f0c4a6000-7f7f0c4a7000 rw-p 00003000 08:01 12061582                   /lib/x86_64-linux-gnu/libdl-2.23.so
7f7f0c4a7000-7f7f0c4bc000 r-xp 00000000 08:01 8653034                    /usr/lib/jvm/jdk8/lib/amd64/jli/libjli.so
7f7f0c4bc000-7f7f0c6bc000 ---p 00015000 08:01 8653034                    /usr/lib/jvm/jdk8/lib/amd64/jli/libjli.so
7f7f0c6bc000-7f7f0c6bd000 rw-p 00015000 08:01 8653034                    /usr/lib/jvm/jdk8/lib/amd64/jli/libjli.so
7f7f0c6bd000-7f7f0c6d5000 r-xp 00000000 08:01 12061576                   /lib/x86_64-linux-gnu/libpthread-2.23.so
7f7f0c6d5000-7f7f0c8d4000 ---p 00018000 08:01 12061576                   /lib/x86_64-linux-gnu/libpthread-2.23.so
7f7f0c8d4000-7f7f0c8d5000 r--p 00017000 08:01 12061576                   /lib/x86_64-linux-gnu/libpthread-2.23.so
7f7f0c8d5000-7f7f0c8d6000 rw-p 00018000 08:01 12061576                   /lib/x86_64-linux-gnu/libpthread-2.23.so
7f7f0c8d6000-7f7f0c8da000 rw-p 00000000 00:00 0 
7f7f0c8da000-7f7f0c900000 r-xp 00000000 08:01 12061566                   /lib/x86_64-linux-gnu/ld-2.23.so
7f7f0c9dc000-7f7f0c9df000 ---p 00000000 00:00 0 
7f7f0c9df000-7f7f0cae2000 rw-p 00000000 00:00 0 
7f7f0caf5000-7f7f0cafd000 rw-s 00000000 08:01 5517236                    /tmp/hsperfdata_andrew/24363
7f7f0cafd000-7f7f0cafe000 rw-p 00000000 00:00 0 
7f7f0cafe000-7f7f0caff000 r--p 00000000 00:00 0 
7f7f0caff000-7f7f0cb00000 r--p 00025000 08:01 12061566                   /lib/x86_64-linux-gnu/ld-2.23.so
7f7f0cb00000-7f7f0cb01000 rw-p 00026000 08:01 12061566                   /lib/x86_64-linux-gnu/ld-2.23.so
7f7f0cb01000-7f7f0cb02000 rw-p 00000000 00:00 0 
7fff6d2b5000-7fff6d2d7000 rw-p 00000000 00:00 0                          [stack]
7fff6d31d000-7fff6d320000 r--p 00000000 00:00 0                          [vvar]
7fff6d320000-7fff6d322000 r-xp 00000000 00:00 0                          [vdso]
ffffffffff600000-ffffffffff601000 r-xp 00000000 00:00 0                  [vsyscall]

VM Arguments:
jvm_args: -Xmx2048m -Xms2048m -XX:PermSize=256m -Dclassworlds.conf=/usr/share/maven/bin/m2.conf -Dmaven.home=/usr/share/maven -Dmaven.multiModuleProjectDirectory=/home/andrew/OpenHMIS/andrew-repo/openmrs-module-customrestservices 
java_command: org.codehaus.plexus.classworlds.launcher.Launcher clean install
java_class_path (initial): /usr/share/maven/boot/plexus-classworlds-2.x.jar
Launcher Type: SUN_STANDARD

Environment Variables:
JAVA_HOME=/usr/lib/jvm/jdk8
PATH=/home/andrew/bin:/home/andrew/.local/bin:/usr/local/sbin:/usr/local/bin:/usr/sbin:/usr/bin:/sbin:/bin:/usr/games:/usr/local/games:/snap/bin:/usr/local/android-studio/gradle/gradle-4.1/bin:/home/andrew/Android/Sdk/tools:/home/andrew/Android/Sdk/platform-tools:/home/andrew/.config/composer/vendor/bin/
SHELL=/bin/bash
DISPLAY=:0

Signal Handlers:
SIGSEGV: [libjvm.so+0xac78c0], sa_mask[0]=11111111011111111101111111111110, sa_flags=SA_RESTART|SA_SIGINFO
SIGBUS: [libjvm.so+0xac78c0], sa_mask[0]=11111111011111111101111111111110, sa_flags=SA_RESTART|SA_SIGINFO
SIGFPE: [libjvm.so+0x920ac0], sa_mask[0]=11111111011111111101111111111110, sa_flags=SA_RESTART|SA_SIGINFO
SIGPIPE: [libjvm.so+0x920ac0], sa_mask[0]=11111111011111111101111111111110, sa_flags=SA_RESTART|SA_SIGINFO
SIGXFSZ: [libjvm.so+0x920ac0], sa_mask[0]=11111111011111111101111111111110, sa_flags=SA_RESTART|SA_SIGINFO
SIGILL: [libjvm.so+0x920ac0], sa_mask[0]=11111111011111111101111111111110, sa_flags=SA_RESTART|SA_SIGINFO
SIGUSR1: SIG_DFL, sa_mask[0]=00000000000000000000000000000000, sa_flags=none
SIGUSR2: [libjvm.so+0x922300], sa_mask[0]=00000000000000000000000000000000, sa_flags=SA_RESTART|SA_SIGINFO
SIGHUP: SIG_DFL, sa_mask[0]=00000000000000000000000000000000, sa_flags=none
SIGINT: SIG_DFL, sa_mask[0]=00000000000000000000000000000000, sa_flags=none
SIGTERM: SIG_DFL, sa_mask[0]=00000000000000000000000000000000, sa_flags=none
SIGQUIT: SIG_DFL, sa_mask[0]=00000000000000000000000000000000, sa_flags=none


---------------  S Y S T E M  ---------------

OS:DISTRIB_ID=Ubuntu
DISTRIB_RELEASE=16.04
DISTRIB_CODENAME=xenial
DISTRIB_DESCRIPTION="Ubuntu 16.04.1 LTS"

uname:Linux 4.4.0-134-generic #160-Ubuntu SMP Wed Aug 15 14:58:00 UTC 2018 x86_64
libc:glibc 2.23 NPTL 2.23 
rlimit: STACK 8192k, CORE 0k, NPROC 63676, NOFILE 1048576, AS infinity
load average:0.98 1.56 1.21

/proc/meminfo:
MemTotal:       16343352 kB
MemFree:          190508 kB
MemAvailable:     343652 kB
Buffers:           31660 kB
Cached:          1372168 kB
SwapCached:            0 kB
Active:          9575872 kB
Inactive:        1028504 kB
Active(anon):    9373664 kB
Inactive(anon):   884964 kB
Active(file):     202208 kB
Inactive(file):   143540 kB
Unevictable:       14380 kB
Mlocked:           14380 kB
SwapTotal:             0 kB
SwapFree:              0 kB
Dirty:               380 kB
Writeback:             0 kB
AnonPages:       9215624 kB
Mapped:          5617128 kB
Shmem:           1057388 kB
Slab:             252192 kB
SReclaimable:     122484 kB
SUnreclaim:       129708 kB
KernelStack:       17792 kB
PageTables:       102412 kB
NFS_Unstable:          0 kB
Bounce:                0 kB
WritebackTmp:          0 kB
CommitLimit:     8171676 kB
Committed_AS:   25294308 kB
VmallocTotal:   34359738367 kB
VmallocUsed:           0 kB
VmallocChunk:          0 kB
HardwareCorrupted:     0 kB
AnonHugePages:      2048 kB
CmaTotal:              0 kB
CmaFree:               0 kB
HugePages_Total:       0
HugePages_Free:        0
HugePages_Rsvd:        0
HugePages_Surp:        0
Hugepagesize:       2048 kB
DirectMap4k:     3184128 kB
DirectMap2M:    13504512 kB
DirectMap1G:           0 kB


CPU:total 4 (2 cores per cpu, 2 threads per core) family 6 model 60 stepping 3, cmov, cx8, fxsr, mmx, sse, sse2, sse3, ssse3, sse4.1, sse4.2, popcnt, avx, avx2, aes, clmul, erms, lzcnt, ht, tsc, tscinvbit, bmi1, bmi2

/proc/cpuinfo:
processor	: 0
vendor_id	: GenuineIntel
cpu family	: 6
model		: 60
model name	: Intel(R) Core(TM) i5-4200M CPU @ 2.50GHz
stepping	: 3
microcode	: 0x25
cpu MHz		: 2880.761
cache size	: 3072 KB
physical id	: 0
siblings	: 4
core id		: 0
cpu cores	: 2
apicid		: 0
initial apicid	: 0
fpu		: yes
fpu_exception	: yes
cpuid level	: 13
wp		: yes
flags		: fpu vme de pse tsc msr pae mce cx8 apic sep mtrr pge mca cmov pat pse36 clflush dts acpi mmx fxsr sse sse2 ss ht tm pbe syscall nx pdpe1gb rdtscp lm constant_tsc arch_perfmon pebs bts rep_good nopl xtopology nonstop_tsc aperfmperf pni pclmulqdq dtes64 monitor ds_cpl vmx est tm2 ssse3 sdbg fma cx16 xtpr pdcm pcid sse4_1 sse4_2 movbe popcnt tsc_deadline_timer aes xsave avx f16c rdrand lahf_lm abm epb invpcid_single ssbd ibrs ibpb stibp kaiser tpr_shadow vnmi flexpriority ept vpid fsgsbase tsc_adjust bmi1 avx2 smep bmi2 erms invpcid xsaveopt dtherm ida arat pln pts flush_l1d
bugs		: cpu_meltdown spectre_v1 spectre_v2 spec_store_bypass l1tf
bogomips	: 4988.80
clflush size	: 64
cache_alignment	: 64
address sizes	: 39 bits physical, 48 bits virtual
power management:

processor	: 1
vendor_id	: GenuineIntel
cpu family	: 6
model		: 60
model name	: Intel(R) Core(TM) i5-4200M CPU @ 2.50GHz
stepping	: 3
microcode	: 0x25
cpu MHz		: 2879.785
cache size	: 3072 KB
physical id	: 0
siblings	: 4
core id		: 0
cpu cores	: 2
apicid		: 1
initial apicid	: 1
fpu		: yes
fpu_exception	: yes
cpuid level	: 13
wp		: yes
flags		: fpu vme de pse tsc msr pae mce cx8 apic sep mtrr pge mca cmov pat pse36 clflush dts acpi mmx fxsr sse sse2 ss ht tm pbe syscall nx pdpe1gb rdtscp lm constant_tsc arch_perfmon pebs bts rep_good nopl xtopology nonstop_tsc aperfmperf pni pclmulqdq dtes64 monitor ds_cpl vmx est tm2 ssse3 sdbg fma cx16 xtpr pdcm pcid sse4_1 sse4_2 movbe popcnt tsc_deadline_timer aes xsave avx f16c rdrand lahf_lm abm epb invpcid_single ssbd ibrs ibpb stibp kaiser tpr_shadow vnmi flexpriority ept vpid fsgsbase tsc_adjust bmi1 avx2 smep bmi2 erms invpcid xsaveopt dtherm ida arat pln pts flush_l1d
bugs		: cpu_meltdown spectre_v1 spectre_v2 spec_store_bypass l1tf
bogomips	: 4988.80
clflush size	: 64
cache_alignment	: 64
address sizes	: 39 bits physical, 48 bits virtual
power management:

processor	: 2
vendor_id	: GenuineIntel
cpu family	: 6
model		: 60
model name	: Intel(R) Core(TM) i5-4200M CPU @ 2.50GHz
stepping	: 3
microcode	: 0x25
cpu MHz		: 2886.914
cache size	: 3072 KB
physical id	: 0
siblings	: 4
core id		: 1
cpu cores	: 2
apicid		: 2
initial apicid	: 2
fpu		: yes
fpu_exception	: yes
cpuid level	: 13
wp		: yes
flags		: fpu vme de pse tsc msr pae mce cx8 apic sep mtrr pge mca cmov pat pse36 clflush dts acpi mmx fxsr sse sse2 ss ht tm pbe syscall nx pdpe1gb rdtscp lm constant_tsc arch_perfmon pebs bts rep_good nopl xtopology nonstop_tsc aperfmperf pni pclmulqdq dtes64 monitor ds_cpl vmx est tm2 ssse3 sdbg fma cx16 xtpr pdcm pcid sse4_1 sse4_2 movbe popcnt tsc_deadline_timer aes xsave avx f16c rdrand lahf_lm abm epb invpcid_single ssbd ibrs ibpb stibp kaiser tpr_shadow vnmi flexpriority ept vpid fsgsbase tsc_adjust bmi1 avx2 smep bmi2 erms invpcid xsaveopt dtherm ida arat pln pts flush_l1d
bugs		: cpu_meltdown spectre_v1 spectre_v2 spec_store_bypass l1tf
bogomips	: 4988.80
clflush size	: 64
cache_alignment	: 64
address sizes	: 39 bits physical, 48 bits virtual
power management:

processor	: 3
vendor_id	: GenuineIntel
cpu family	: 6
model		: 60
model name	: Intel(R) Core(TM) i5-4200M CPU @ 2.50GHz
stepping	: 3
microcode	: 0x25
cpu MHz		: 2864.355
cache size	: 3072 KB
physical id	: 0
siblings	: 4
core id		: 1
cpu cores	: 2
apicid		: 3
initial apicid	: 3
fpu		: yes
fpu_exception	: yes
cpuid level	: 13
wp		: yes
flags		: fpu vme de pse tsc msr pae mce cx8 apic sep mtrr pge mca cmov pat pse36 clflush dts acpi mmx fxsr sse sse2 ss ht tm pbe syscall nx pdpe1gb rdtscp lm constant_tsc arch_perfmon pebs bts rep_good nopl xtopology nonstop_tsc aperfmperf pni pclmulqdq dtes64 monitor ds_cpl vmx est tm2 ssse3 sdbg fma cx16 xtpr pdcm pcid sse4_1 sse4_2 movbe popcnt tsc_deadline_timer aes xsave avx f16c rdrand lahf_lm abm epb invpcid_single ssbd ibrs ibpb stibp kaiser tpr_shadow vnmi flexpriority ept vpid fsgsbase tsc_adjust bmi1 avx2 smep bmi2 erms invpcid xsaveopt dtherm ida arat pln pts flush_l1d
bugs		: cpu_meltdown spectre_v1 spectre_v2 spec_store_bypass l1tf
bogomips	: 4988.80
clflush size	: 64
cache_alignment	: 64
address sizes	: 39 bits physical, 48 bits virtual
power management:



Memory: 4k page, physical 16343352k(190508k free), swap 0k(0k free)

vm_info: Java HotSpot(TM) 64-Bit Server VM (25.121-b13) for linux-amd64 JRE (1.8.0_121-b13), built on Dec 12 2016 16:36:53 by "java_re" with gcc 4.3.0 20080428 (Red Hat 4.3.0-8)

time: Wed Nov 21 14:46:34 2018
elapsed time: 0 seconds (0d 0h 0m 0s)

